INFO    : Building target web
INFO    : XSL conversion of /home/peterkeep/SecondDrive/Projects/PreText/Syllabi/MTH150/source/main.ptx by /home/peterkeep/.ptx/2.23.0/core/xsl/utilities/pretext-enhanced-source.xsl
INFO    : messages from the log for XSL processing:
WARNING : * PTX:WARNING: the publisher file  html/platform/@portable  entry should not have value "true".  Possible values are: "no" or "yes".  The default, "no", will be used instead.
INFO    : successful application of /home/peterkeep/.ptx/2.23.0/core/xsl/utilities/pretext-enhanced-source.xsl
INFO    : Generating any needed assets.
INFO    : Finished generating assets.

INFO    : Preparing to build into /home/peterkeep/SecondDrive/Projects/PreText/Syllabi/MTH150/output/web.
INFO    : discovering source file's directory name: /home/peterkeep/SecondDrive/Projects/PreText/Syllabi/MTH150/source
INFO    : verifying and expanding input directory: /home/peterkeep/SecondDrive/Projects/PreText/Syllabi/MTH150/source/../generated-assets
INFO    : input directory expanded to absolute path: /home/peterkeep/SecondDrive/Projects/PreText/Syllabi/MTH150/generated-assets
INFO    : verifying and expanding input directory: /home/peterkeep/SecondDrive/Projects/PreText/Syllabi/MTH150/source/../assets
INFO    : input directory expanded to absolute path: /home/peterkeep/SecondDrive/Projects/PreText/Syllabi/MTH150/assets
INFO    : XSL conversion of /home/peterkeep/SecondDrive/Projects/PreText/Syllabi/MTH150/source/main.ptx by /home/peterkeep/.ptx/2.23.0/core/xsl/utilities/report-publisher-variables.xsl
INFO    : successful application of /home/peterkeep/.ptx/2.23.0/core/xsl/utilities/report-publisher-variables.xsl
INFO    : Downloading rs services file from https://runestone.academy/cdn/runestone/latest/webpack_static_imports.xml.
INFO    : Runestone Services via online CDN query: version 7.8.5
INFO    : Downloading Runestone Services, version 7.8.5
INFO    : Extracting Runestone Services from archive file
INFO    : Building custom css theme: theme-boulder
INFO    : converting /home/peterkeep/SecondDrive/Projects/PreText/Syllabi/MTH150/source/main.ptx to HTML in /tmp/ptx-kbb5yha8
INFO    : XSL conversion of /home/peterkeep/SecondDrive/Projects/PreText/Syllabi/MTH150/source/main.ptx by /home/peterkeep/.ptx/2.23.0/core/xsl/pretext-html.xsl
INFO    : * PTX:INFO:   checking ONLY the last TWO YEARS of element deprecations.
Rerun with the string parameter "author.deprecations.all" set to "yes" to check your source against all deprecations.
INFO    : successful application of /home/peterkeep/.ptx/2.23.0/core/xsl/pretext-html.xsl
INFO    : Removing temporary directory /tmp/ptx-kbb5yha8
INFO    : Removing temporary directory /tmp/ptx-u85qbwba
INFO    : 
Success! Run `pretext view web` to see the results.

INFO    : 
